INFO 2024-05-15 13:28:37,614 Auth info was exported to ./.tmp/auth_info.json api\debug\debug.cpp:17 Adam@DESKTOP-F9FVKAR
ERROR 2024-05-15 13:28:41,036 NE_RS_UNBLDRE: Unable to load application resource file /resources/favicon.ico api\debug\debug.cpp:20 Adam@DESKTOP-F9FVKAR
INFO 2024-05-15 13:29:08,736 Reloading the application... api\debug\debug.cpp:17 Adam@DESKTOP-F9FVKAR
INFO 2024-05-15 13:34:12,685 Auth info was exported to ./.tmp/auth_info.json api\debug\debug.cpp:17 Adam@DESKTOP-F9FVKAR
ERROR 2024-05-15 13:34:14,688 NE_RS_UNBLDRE: Unable to load application resource file /resources/favicon.ico api\debug\debug.cpp:20 Adam@DESKTOP-F9FVKAR
INFO 2024-05-15 13:37:29,114 Auth info was exported to ./.tmp/auth_info.json api\debug\debug.cpp:17 Adam@DESKTOP-F9FVKAR
ERROR 2024-05-15 13:37:31,285 NE_RS_UNBLDRE: Unable to load application resource file /resources/favicon.ico api\debug\debug.cpp:20 Adam@DESKTOP-F9FVKAR
INFO 2024-05-15 13:38:13,319 Auth info was exported to ./.tmp/auth_info.json api\debug\debug.cpp:17 Adam@DESKTOP-F9FVKAR
ERROR 2024-05-15 13:38:15,628 NE_RS_UNBLDRE: Unable to load application resource file /resources/favicon.ico api\debug\debug.cpp:20 Adam@DESKTOP-F9FVKAR
INFO 2024-05-15 13:38:22,262 Auth info was exported to ./.tmp/auth_info.json api\debug\debug.cpp:17 Adam@DESKTOP-F9FVKAR
ERROR 2024-05-15 13:38:24,426 NE_RS_UNBLDRE: Unable to load application resource file /resources/favicon.ico api\debug\debug.cpp:20 Adam@DESKTOP-F9FVKAR
INFO 2024-05-15 13:41:27,867 Reloading the application... api\debug\debug.cpp:17 Adam@DESKTOP-F9FVKAR
INFO 2024-05-15 13:41:32,021 Reloading the application... api\debug\debug.cpp:17 Adam@DESKTOP-F9FVKAR
INFO 2024-05-15 13:41:35,212 Reloading the application... api\debug\debug.cpp:17 Adam@DESKTOP-F9FVKAR
INFO 2024-05-15 13:41:52,464 Auth info was exported to ./.tmp/auth_info.json api\debug\debug.cpp:17 Adam@DESKTOP-F9FVKAR
ERROR 2024-05-15 13:41:54,742 NE_RS_UNBLDRE: Unable to load application resource file /resources/favicon.ico api\debug\debug.cpp:20 Adam@DESKTOP-F9FVKAR
INFO 2024-05-15 13:43:10,235 Auth info was exported to ./.tmp/auth_info.json api\debug\debug.cpp:17 Adam@DESKTOP-F9FVKAR
ERROR 2024-05-15 13:43:12,327 NE_RS_UNBLDRE: Unable to load application resource file /resources/favicon.ico api\debug\debug.cpp:20 Adam@DESKTOP-F9FVKAR
INFO 2024-05-15 13:46:31,302 Auth info was exported to ./.tmp/auth_info.json api\debug\debug.cpp:17 Adam@DESKTOP-F9FVKAR
ERROR 2024-05-15 13:46:33,255 NE_RS_UNBLDRE: Unable to load application resource file /resources/favicon.ico api\debug\debug.cpp:20 Adam@DESKTOP-F9FVKAR
INFO 2024-05-15 13:46:36,316 Reloading the application... api\debug\debug.cpp:17 Adam@DESKTOP-F9FVKAR
INFO 2024-05-15 13:47:02,356 Reloading the application... api\debug\debug.cpp:17 Adam@DESKTOP-F9FVKAR
INFO 2024-05-15 13:47:13,857 Reloading the application... api\debug\debug.cpp:17 Adam@DESKTOP-F9FVKAR
INFO 2024-05-15 13:47:15,437 Reloading the application... api\debug\debug.cpp:17 Adam@DESKTOP-F9FVKAR
INFO 2024-05-15 13:47:44,320 Auth info was exported to ./.tmp/auth_info.json api\debug\debug.cpp:17 Adam@DESKTOP-F9FVKAR
ERROR 2024-05-15 13:47:47,193 NE_RS_UNBLDRE: Unable to load application resource file /resources/favicon.ico api\debug\debug.cpp:20 Adam@DESKTOP-F9FVKAR
INFO 2024-05-15 13:47:58,413 Reloading the application... api\debug\debug.cpp:17 Adam@DESKTOP-F9FVKAR
INFO 2024-05-15 13:48:28,039 Reloading the application... api\debug\debug.cpp:17 Adam@DESKTOP-F9FVKAR
INFO 2024-05-15 13:50:33,780 Auth info was exported to ./.tmp/auth_info.json api\debug\debug.cpp:17 Adam@DESKTOP-F9FVKAR
ERROR 2024-05-15 13:50:36,034 NE_RS_UNBLDRE: Unable to load application resource file /resources/favicon.ico api\debug\debug.cpp:20 Adam@DESKTOP-F9FVKAR
INFO 2024-05-15 13:59:19,005 Auth info was exported to ./.tmp/auth_info.json api\debug\debug.cpp:17 Adam@DESKTOP-F9FVKAR
ERROR 2024-05-15 13:59:21,933 NE_RS_UNBLDRE: Unable to load application resource file /resources/favicon.ico api\debug\debug.cpp:20 Adam@DESKTOP-F9FVKAR
INFO 2024-05-15 14:01:26,570 Auth info was exported to ./.tmp/auth_info.json api\debug\debug.cpp:17 Adam@DESKTOP-F9FVKAR
ERROR 2024-05-15 14:01:29,164 NE_RS_UNBLDRE: Unable to load application resource file /resources/favicon.ico api\debug\debug.cpp:20 Adam@DESKTOP-F9FVKAR
INFO 2024-05-15 14:08:17,977 Auth info was exported to ./.tmp/auth_info.json api\debug\debug.cpp:17 Adam@DESKTOP-F9FVKAR
ERROR 2024-05-15 14:08:20,572 NE_RS_UNBLDRE: Unable to load application resource file /resources/favicon.ico api\debug\debug.cpp:20 Adam@DESKTOP-F9FVKAR
INFO 2024-05-15 14:11:14,067 Auth info was exported to ./.tmp/auth_info.json api\debug\debug.cpp:17 Adam@DESKTOP-F9FVKAR
ERROR 2024-05-15 14:11:16,549 NE_RS_UNBLDRE: Unable to load application resource file /resources/favicon.ico api\debug\debug.cpp:20 Adam@DESKTOP-F9FVKAR
INFO 2024-05-15 15:24:27,286 Auth info was exported to ./.tmp/auth_info.json api\debug\debug.cpp:17 Adam@DESKTOP-F9FVKAR
ERROR 2024-05-15 15:24:29,793 NE_RS_UNBLDRE: Unable to load application resource file /resources/favicon.ico api\debug\debug.cpp:20 Adam@DESKTOP-F9FVKAR
INFO 2024-05-15 15:29:26,910 Auth info was exported to ./.tmp/auth_info.json api\debug\debug.cpp:17 Adam@DESKTOP-F9FVKAR
ERROR 2024-05-15 15:29:29,708 NE_RS_UNBLDRE: Unable to load application resource file /resources/favicon.ico api\debug\debug.cpp:20 Adam@DESKTOP-F9FVKAR
INFO 2024-05-15 15:29:56,465 Reloading the application... api\debug\debug.cpp:17 Adam@DESKTOP-F9FVKAR
INFO 2024-05-15 15:29:58,068 Reloading the application... api\debug\debug.cpp:17 Adam@DESKTOP-F9FVKAR
INFO 2024-05-15 15:30:02,725 Reloading the application... api\debug\debug.cpp:17 Adam@DESKTOP-F9FVKAR
INFO 2024-05-15 15:30:14,294 Reloading the application... api\debug\debug.cpp:17 Adam@DESKTOP-F9FVKAR
INFO 2024-05-15 15:30:24,415 Reloading the application... api\debug\debug.cpp:17 Adam@DESKTOP-F9FVKAR
INFO 2024-05-15 15:30:45,291 Reloading the application... api\debug\debug.cpp:17 Adam@DESKTOP-F9FVKAR
INFO 2024-05-15 15:31:01,843 Reloading the application... api\debug\debug.cpp:17 Adam@DESKTOP-F9FVKAR
INFO 2024-05-15 15:33:08,176 Auth info was exported to ./.tmp/auth_info.json api\debug\debug.cpp:17 Adam@DESKTOP-F9FVKAR
ERROR 2024-05-15 15:33:10,444 NE_RS_UNBLDRE: Unable to load application resource file /resources/favicon.ico api\debug\debug.cpp:20 Adam@DESKTOP-F9FVKAR
INFO 2024-05-15 16:24:40,076 Auth info was exported to ./.tmp/auth_info.json api\debug\debug.cpp:17 Adam@DESKTOP-F9FVKAR
ERROR 2024-05-15 16:24:41,955 NE_RS_UNBLDRE: Unable to load application resource file /resources/favicon.ico api\debug\debug.cpp:20 Adam@DESKTOP-F9FVKAR
INFO 2024-05-15 16:25:32,380 Reloading the application... api\debug\debug.cpp:17 Adam@DESKTOP-F9FVKAR
INFO 2024-05-15 16:25:44,077 Reloading the application... api\debug\debug.cpp:17 Adam@DESKTOP-F9FVKAR
INFO 2024-05-15 16:25:50,265 Auth info was exported to ./.tmp/auth_info.json api\debug\debug.cpp:17 Adam@DESKTOP-F9FVKAR
ERROR 2024-05-15 16:25:51,576 NE_RS_UNBLDRE: Unable to load application resource file /resources/favicon.ico api\debug\debug.cpp:20 Adam@DESKTOP-F9FVKAR
INFO 2024-05-15 17:16:01,683 Auth info was exported to ./.tmp/auth_info.json api\debug\debug.cpp:17 Adam@DESKTOP-F9FVKAR
ERROR 2024-05-15 17:16:04,244 NE_RS_UNBLDRE: Unable to load application resource file /resources/favicon.ico api\debug\debug.cpp:20 Adam@DESKTOP-F9FVKAR
INFO 2024-05-15 17:17:39,707 Auth info was exported to ./.tmp/auth_info.json api\debug\debug.cpp:17 Adam@DESKTOP-F9FVKAR
ERROR 2024-05-15 17:17:42,975 NE_RS_UNBLDRE: Unable to load application resource file /resources/favicon.ico api\debug\debug.cpp:20 Adam@DESKTOP-F9FVKAR
INFO 2024-05-15 17:17:45,223 Reloading the application... api\debug\debug.cpp:17 Adam@DESKTOP-F9FVKAR
INFO 2024-05-15 17:22:16,427 Auth info was exported to ./.tmp/auth_info.json api\debug\debug.cpp:17 Adam@DESKTOP-F9FVKAR
ERROR 2024-05-15 17:22:19,549 NE_RS_UNBLDRE: Unable to load application resource file /resources/favicon.ico api\debug\debug.cpp:20 Adam@DESKTOP-F9FVKAR
INFO 2024-05-15 17:24:40,123 Reloading the application... api\debug\debug.cpp:17 Adam@DESKTOP-F9FVKAR
INFO 2024-05-15 17:24:43,164 Reloading the application... api\debug\debug.cpp:17 Adam@DESKTOP-F9FVKAR
INFO 2024-05-15 17:24:58,706 Reloading the application... api\debug\debug.cpp:17 Adam@DESKTOP-F9FVKAR
INFO 2024-05-15 17:25:01,252 Reloading the application... api\debug\debug.cpp:17 Adam@DESKTOP-F9FVKAR
INFO 2024-05-15 17:25:22,606 Reloading the application... api\debug\debug.cpp:17 Adam@DESKTOP-F9FVKAR
INFO 2024-05-15 17:25:26,626 Reloading the application... api\debug\debug.cpp:17 Adam@DESKTOP-F9FVKAR
INFO 2024-05-15 17:25:56,180 Reloading the application... api\debug\debug.cpp:17 Adam@DESKTOP-F9FVKAR
INFO 2024-05-15 17:26:46,224 Reloading the application... api\debug\debug.cpp:17 Adam@DESKTOP-F9FVKAR
INFO 2024-05-15 17:26:55,513 Reloading the application... api\debug\debug.cpp:17 Adam@DESKTOP-F9FVKAR
INFO 2024-05-15 17:27:03,899 Reloading the application... api\debug\debug.cpp:17 Adam@DESKTOP-F9FVKAR
INFO 2024-05-15 17:27:06,456 Reloading the application... api\debug\debug.cpp:17 Adam@DESKTOP-F9FVKAR
INFO 2024-05-15 17:27:55,549 Reloading the application... api\debug\debug.cpp:17 Adam@DESKTOP-F9FVKAR
INFO 2024-05-15 17:28:36,942 Auth info was exported to ./.tmp/auth_info.json api\debug\debug.cpp:17 Adam@DESKTOP-F9FVKAR
ERROR 2024-05-15 17:28:39,494 NE_RS_UNBLDRE: Unable to load application resource file /resources/favicon.ico api\debug\debug.cpp:20 Adam@DESKTOP-F9FVKAR
INFO 2024-05-15 17:29:38,678 Reloading the application... api\debug\debug.cpp:17 Adam@DESKTOP-F9FVKAR
INFO 2024-05-15 17:34:13,285 Auth info was exported to ./.tmp/auth_info.json api\debug\debug.cpp:17 Adam@DESKTOP-F9FVKAR
ERROR 2024-05-15 17:34:15,463 NE_RS_UNBLDRE: Unable to load application resource file /resources/favicon.ico api\debug\debug.cpp:20 Adam@DESKTOP-F9FVKAR
INFO 2024-05-15 17:40:37,096 Auth info was exported to ./.tmp/auth_info.json api\debug\debug.cpp:17 Adam@DESKTOP-F9FVKAR
ERROR 2024-05-15 17:40:39,046 NE_RS_UNBLDRE: Unable to load application resource file /resources/favicon.ico api\debug\debug.cpp:20 Adam@DESKTOP-F9FVKAR
INFO 2024-05-15 17:40:51,058 Auth info was exported to ./.tmp/auth_info.json api\debug\debug.cpp:17 Adam@DESKTOP-F9FVKAR
ERROR 2024-05-15 17:40:53,348 NE_RS_UNBLDRE: Unable to load application resource file /resources/favicon.ico api\debug\debug.cpp:20 Adam@DESKTOP-F9FVKAR
INFO 2024-05-15 17:49:37,110 Auth info was exported to ./.tmp/auth_info.json api\debug\debug.cpp:17 Adam@DESKTOP-F9FVKAR
ERROR 2024-05-15 17:49:39,728 NE_RS_UNBLDRE: Unable to load application resource file /resources/favicon.ico api\debug\debug.cpp:20 Adam@DESKTOP-F9FVKAR
INFO 2024-05-15 17:50:19,939 Reloading the application... api\debug\debug.cpp:17 Adam@DESKTOP-F9FVKAR
INFO 2024-05-15 17:50:29,683 Reloading the application... api\debug\debug.cpp:17 Adam@DESKTOP-F9FVKAR
INFO 2024-05-15 17:50:35,241 Auth info was exported to ./.tmp/auth_info.json api\debug\debug.cpp:17 Adam@DESKTOP-F9FVKAR
ERROR 2024-05-15 17:50:37,515 NE_RS_UNBLDRE: Unable to load application resource file /resources/favicon.ico api\debug\debug.cpp:20 Adam@DESKTOP-F9FVKAR
INFO 2024-05-15 17:57:43,530 Reloading the application... api\debug\debug.cpp:17 Adam@DESKTOP-F9FVKAR
INFO 2024-05-15 17:58:24,851 Reloading the application... api\debug\debug.cpp:17 Adam@DESKTOP-F9FVKAR
INFO 2024-05-15 17:58:37,401 Reloading the application... api\debug\debug.cpp:17 Adam@DESKTOP-F9FVKAR
INFO 2024-05-15 18:00:54,264 Auth info was exported to ./.tmp/auth_info.json api\debug\debug.cpp:17 Adam@DESKTOP-F9FVKAR
ERROR 2024-05-15 18:00:56,294 NE_RS_UNBLDRE: Unable to load application resource file /resources/favicon.ico api\debug\debug.cpp:20 Adam@DESKTOP-F9FVKAR
INFO 2024-05-15 18:08:05,806 Reloading the application... api\debug\debug.cpp:17 Adam@DESKTOP-F9FVKAR
INFO 2024-05-15 18:12:19,719 Reloading the application... api\debug\debug.cpp:17 Adam@DESKTOP-F9FVKAR
INFO 2024-05-15 18:12:38,602 Reloading the application... api\debug\debug.cpp:17 Adam@DESKTOP-F9FVKAR
INFO 2024-05-15 18:16:21,795 Reloading the application... api\debug\debug.cpp:17 Adam@DESKTOP-F9FVKAR
INFO 2024-05-15 18:16:29,205 Reloading the application... api\debug\debug.cpp:17 Adam@DESKTOP-F9FVKAR
INFO 2024-05-15 18:16:39,683 Reloading the application... api\debug\debug.cpp:17 Adam@DESKTOP-F9FVKAR
INFO 2024-05-15 18:17:04,340 Reloading the application... api\debug\debug.cpp:17 Adam@DESKTOP-F9FVKAR
INFO 2024-05-15 18:17:17,617 Reloading the application... api\debug\debug.cpp:17 Adam@DESKTOP-F9FVKAR
INFO 2024-05-15 18:19:29,909 Reloading the application... api\debug\debug.cpp:17 Adam@DESKTOP-F9FVKAR
INFO 2024-05-15 18:19:42,324 Reloading the application... api\debug\debug.cpp:17 Adam@DESKTOP-F9FVKAR
INFO 2024-05-15 18:19:56,634 Reloading the application... api\debug\debug.cpp:17 Adam@DESKTOP-F9FVKAR
INFO 2024-05-15 18:20:36,701 Reloading the application... api\debug\debug.cpp:17 Adam@DESKTOP-F9FVKAR
INFO 2024-05-15 18:21:59,984 Reloading the application... api\debug\debug.cpp:17 Adam@DESKTOP-F9FVKAR
INFO 2024-05-15 18:22:28,049 Reloading the application... api\debug\debug.cpp:17 Adam@DESKTOP-F9FVKAR
INFO 2024-05-15 18:22:29,448 Reloading the application... api\debug\debug.cpp:17 Adam@DESKTOP-F9FVKAR
INFO 2024-05-15 18:23:41,356 Reloading the application... api\debug\debug.cpp:17 Adam@DESKTOP-F9FVKAR
INFO 2024-05-15 18:24:02,574 Reloading the application... api\debug\debug.cpp:17 Adam@DESKTOP-F9FVKAR
INFO 2024-05-15 18:24:10,095 Reloading the application... api\debug\debug.cpp:17 Adam@DESKTOP-F9FVKAR
INFO 2024-05-15 18:29:01,788 Reloading the application... api\debug\debug.cpp:17 Adam@DESKTOP-F9FVKAR
INFO 2024-05-15 18:29:14,049 Auth info was exported to ./.tmp/auth_info.json api\debug\debug.cpp:17 Adam@DESKTOP-F9FVKAR
ERROR 2024-05-15 18:29:16,213 NE_RS_UNBLDRE: Unable to load application resource file /resources/favicon.ico api\debug\debug.cpp:20 Adam@DESKTOP-F9FVKAR
INFO 2024-05-15 18:30:30,194 Reloading the application... api\debug\debug.cpp:17 Adam@DESKTOP-F9FVKAR
INFO 2024-05-15 18:31:07,699 Auth info was exported to ./.tmp/auth_info.json api\debug\debug.cpp:17 Adam@DESKTOP-F9FVKAR
ERROR 2024-05-15 18:31:10,015 NE_RS_UNBLDRE: Unable to load application resource file /resources/favicon.ico api\debug\debug.cpp:20 Adam@DESKTOP-F9FVKAR
INFO 2024-05-16 21:14:07,263 Auth info was exported to ./.tmp/auth_info.json api\debug\debug.cpp:17 Adam@DESKTOP-F9FVKAR
ERROR 2024-05-16 21:14:11,543 NE_RS_UNBLDRE: Unable to load application resource file /resources/favicon.ico api\debug\debug.cpp:20 Adam@DESKTOP-F9FVKAR
INFO 2024-05-16 21:15:35,004 Reloading the application... api\debug\debug.cpp:17 Adam@DESKTOP-F9FVKAR
INFO 2024-05-16 21:17:17,299 Reloading the application... api\debug\debug.cpp:17 Adam@DESKTOP-F9FVKAR
INFO 2024-05-16 21:17:47,967 Reloading the application... api\debug\debug.cpp:17 Adam@DESKTOP-F9FVKAR
INFO 2024-05-16 21:20:59,235 Reloading the application... api\debug\debug.cpp:17 Adam@DESKTOP-F9FVKAR
INFO 2024-05-16 21:20:59,283 Reloading the application... api\debug\debug.cpp:17 Adam@DESKTOP-F9FVKAR
INFO 2024-05-16 21:21:03,901 Reloading the application... api\debug\debug.cpp:17 Adam@DESKTOP-F9FVKAR
INFO 2024-05-16 21:21:05,831 Reloading the application... api\debug\debug.cpp:17 Adam@DESKTOP-F9FVKAR
INFO 2024-05-16 21:21:20,784 Reloading the application... api\debug\debug.cpp:17 Adam@DESKTOP-F9FVKAR
INFO 2024-05-16 21:22:11,359 Reloading the application... api\debug\debug.cpp:17 Adam@DESKTOP-F9FVKAR
INFO 2024-05-16 21:22:57,356 Reloading the application... api\debug\debug.cpp:17 Adam@DESKTOP-F9FVKAR
INFO 2024-05-16 21:23:09,646 Reloading the application... api\debug\debug.cpp:17 Adam@DESKTOP-F9FVKAR
INFO 2024-05-16 21:23:41,179 Reloading the application... api\debug\debug.cpp:17 Adam@DESKTOP-F9FVKAR
INFO 2024-05-16 21:24:03,044 Auth info was exported to ./.tmp/auth_info.json api\debug\debug.cpp:17 Adam@DESKTOP-F9FVKAR
ERROR 2024-05-16 21:24:05,590 NE_RS_UNBLDRE: Unable to load application resource file /resources/favicon.ico api\debug\debug.cpp:20 Adam@DESKTOP-F9FVKAR
INFO 2024-05-16 21:25:45,778 Reloading the application... api\debug\debug.cpp:17 Adam@DESKTOP-F9FVKAR
INFO 2024-05-16 21:26:30,783 Reloading the application... api\debug\debug.cpp:17 Adam@DESKTOP-F9FVKAR
INFO 2024-05-16 21:28:00,826 Reloading the application... api\debug\debug.cpp:17 Adam@DESKTOP-F9FVKAR
INFO 2024-05-16 21:33:20,284 Auth info was exported to ./.tmp/auth_info.json api\debug\debug.cpp:17 Adam@DESKTOP-F9FVKAR
ERROR 2024-05-16 21:33:23,282 NE_RS_UNBLDRE: Unable to load application resource file /resources/favicon.ico api\debug\debug.cpp:20 Adam@DESKTOP-F9FVKAR
INFO 2024-05-16 21:43:33,820 Reloading the application... api\debug\debug.cpp:17 Adam@DESKTOP-F9FVKAR
INFO 2024-05-16 21:43:47,385 Reloading the application... api\debug\debug.cpp:17 Adam@DESKTOP-F9FVKAR
INFO 2024-05-16 21:43:55,241 Reloading the application... api\debug\debug.cpp:17 Adam@DESKTOP-F9FVKAR
INFO 2024-05-16 21:44:52,357 Reloading the application... api\debug\debug.cpp:17 Adam@DESKTOP-F9FVKAR
INFO 2024-05-16 21:45:38,283 Reloading the application... api\debug\debug.cpp:17 Adam@DESKTOP-F9FVKAR
INFO 2024-05-16 21:46:36,680 Reloading the application... api\debug\debug.cpp:17 Adam@DESKTOP-F9FVKAR
INFO 2024-05-16 21:49:37,060 Reloading the application... api\debug\debug.cpp:17 Adam@DESKTOP-F9FVKAR
INFO 2024-05-16 21:51:50,803 Auth info was exported to ./.tmp/auth_info.json api\debug\debug.cpp:17 Adam@DESKTOP-F9FVKAR
ERROR 2024-05-16 21:51:53,104 NE_RS_UNBLDRE: Unable to load application resource file /resources/favicon.ico api\debug\debug.cpp:20 Adam@DESKTOP-F9FVKAR
INFO 2024-05-16 21:52:12,330 Reloading the application... api\debug\debug.cpp:17 Adam@DESKTOP-F9FVKAR
INFO 2024-05-16 21:52:27,695 Reloading the application... api\debug\debug.cpp:17 Adam@DESKTOP-F9FVKAR
INFO 2024-05-16 21:52:27,747 Reloading the application... api\debug\debug.cpp:17 Adam@DESKTOP-F9FVKAR
INFO 2024-05-16 21:52:46,073 Reloading the application... api\debug\debug.cpp:17 Adam@DESKTOP-F9FVKAR
INFO 2024-05-16 21:52:55,755 Reloading the application... api\debug\debug.cpp:17 Adam@DESKTOP-F9FVKAR
INFO 2024-05-16 21:53:44,943 Reloading the application... api\debug\debug.cpp:17 Adam@DESKTOP-F9FVKAR
INFO 2024-05-16 22:00:21,916 Reloading the application... api\debug\debug.cpp:17 Adam@DESKTOP-F9FVKAR
INFO 2024-05-16 22:00:24,315 Reloading the application... api\debug\debug.cpp:17 Adam@DESKTOP-F9FVKAR
INFO 2024-05-16 22:01:35,913 Reloading the application... api\debug\debug.cpp:17 Adam@DESKTOP-F9FVKAR
INFO 2024-05-16 22:02:32,696 Reloading the application... api\debug\debug.cpp:17 Adam@DESKTOP-F9FVKAR
INFO 2024-05-16 22:02:59,167 Reloading the application... api\debug\debug.cpp:17 Adam@DESKTOP-F9FVKAR
INFO 2024-05-16 22:03:36,938 Reloading the application... api\debug\debug.cpp:17 Adam@DESKTOP-F9FVKAR
INFO 2024-05-16 22:06:51,450 Reloading the application... api\debug\debug.cpp:17 Adam@DESKTOP-F9FVKAR
INFO 2024-05-16 22:07:51,125 Reloading the application... api\debug\debug.cpp:17 Adam@DESKTOP-F9FVKAR
INFO 2024-05-16 22:13:32,878 Reloading the application... api\debug\debug.cpp:17 Adam@DESKTOP-F9FVKAR
INFO 2024-05-16 22:14:32,839 Reloading the application... api\debug\debug.cpp:17 Adam@DESKTOP-F9FVKAR
INFO 2024-05-16 22:14:40,823 Reloading the application... api\debug\debug.cpp:17 Adam@DESKTOP-F9FVKAR
INFO 2024-05-16 22:18:26,950 Reloading the application... api\debug\debug.cpp:17 Adam@DESKTOP-F9FVKAR
INFO 2024-05-16 22:20:40,963 Reloading the application... api\debug\debug.cpp:17 Adam@DESKTOP-F9FVKAR
INFO 2024-05-16 22:23:16,541 Reloading the application... api\debug\debug.cpp:17 Adam@DESKTOP-F9FVKAR
INFO 2024-05-16 22:26:10,929 Reloading the application... api\debug\debug.cpp:17 Adam@DESKTOP-F9FVKAR
INFO 2024-05-16 22:26:29,607 Reloading the application... api\debug\debug.cpp:17 Adam@DESKTOP-F9FVKAR
INFO 2024-05-16 22:27:22,638 Reloading the application... api\debug\debug.cpp:17 Adam@DESKTOP-F9FVKAR
INFO 2024-05-16 22:30:48,963 Reloading the application... api\debug\debug.cpp:17 Adam@DESKTOP-F9FVKAR
INFO 2024-05-16 22:31:49,441 Reloading the application... api\debug\debug.cpp:17 Adam@DESKTOP-F9FVKAR
INFO 2024-05-16 22:32:34,951 Reloading the application... api\debug\debug.cpp:17 Adam@DESKTOP-F9FVKAR
INFO 2024-05-16 22:33:41,854 Reloading the application... api\debug\debug.cpp:17 Adam@DESKTOP-F9FVKAR
INFO 2024-05-16 22:33:56,239 Reloading the application... api\debug\debug.cpp:17 Adam@DESKTOP-F9FVKAR
INFO 2024-05-16 22:34:08,613 Reloading the application... api\debug\debug.cpp:17 Adam@DESKTOP-F9FVKAR
INFO 2024-05-16 22:41:51,289 Reloading the application... api\debug\debug.cpp:17 Adam@DESKTOP-F9FVKAR
INFO 2024-05-16 22:44:40,553 Reloading the application... api\debug\debug.cpp:17 Adam@DESKTOP-F9FVKAR
INFO 2024-05-16 22:44:52,648 Reloading the application... api\debug\debug.cpp:17 Adam@DESKTOP-F9FVKAR
INFO 2024-05-16 22:45:39,198 Reloading the application... api\debug\debug.cpp:17 Adam@DESKTOP-F9FVKAR
INFO 2024-05-16 22:45:54,940 Reloading the application... api\debug\debug.cpp:17 Adam@DESKTOP-F9FVKAR
INFO 2024-05-16 22:46:45,606 Reloading the application... api\debug\debug.cpp:17 Adam@DESKTOP-F9FVKAR
INFO 2024-05-16 22:47:16,250 Reloading the application... api\debug\debug.cpp:17 Adam@DESKTOP-F9FVKAR
INFO 2024-05-16 22:47:17,556 Reloading the application... api\debug\debug.cpp:17 Adam@DESKTOP-F9FVKAR
INFO 2024-05-16 22:47:37,056 Reloading the application... api\debug\debug.cpp:17 Adam@DESKTOP-F9FVKAR
INFO 2024-05-16 22:47:50,486 Reloading the application... api\debug\debug.cpp:17 Adam@DESKTOP-F9FVKAR
INFO 2024-05-16 22:49:05,142 Reloading the application... api\debug\debug.cpp:17 Adam@DESKTOP-F9FVKAR
INFO 2024-05-16 22:49:09,783 Reloading the application... api\debug\debug.cpp:17 Adam@DESKTOP-F9FVKAR
INFO 2024-05-16 22:49:28,095 Reloading the application... api\debug\debug.cpp:17 Adam@DESKTOP-F9FVKAR
INFO 2024-05-16 22:49:42,680 Reloading the application... api\debug\debug.cpp:17 Adam@DESKTOP-F9FVKAR
INFO 2024-05-16 22:50:00,303 Reloading the application... api\debug\debug.cpp:17 Adam@DESKTOP-F9FVKAR
INFO 2024-05-16 22:50:28,660 Reloading the application... api\debug\debug.cpp:17 Adam@DESKTOP-F9FVKAR
INFO 2024-05-18 11:38:52,224 Auth info was exported to ./.tmp/auth_info.json api\debug\debug.cpp:17 Adam@DESKTOP-F9FVKAR
ERROR 2024-05-18 11:38:54,385 NE_RS_UNBLDRE: Unable to load application resource file /resources/favicon.ico api\debug\debug.cpp:20 Adam@DESKTOP-F9FVKAR
INFO 2024-05-18 11:40:30,339 Reloading the application... api\debug\debug.cpp:17 Adam@DESKTOP-F9FVKAR
INFO 2024-05-18 11:40:39,019 Reloading the application... api\debug\debug.cpp:17 Adam@DESKTOP-F9FVKAR
INFO 2024-05-18 11:41:01,616 Reloading the application... api\debug\debug.cpp:17 Adam@DESKTOP-F9FVKAR
INFO 2024-05-18 11:41:05,933 Reloading the application... api\debug\debug.cpp:17 Adam@DESKTOP-F9FVKAR
ERROR 2024-05-18 11:41:06,565 NE_RS_UNBLDRE: Unable to load application resource file /resources/icons/file.png api\debug\debug.cpp:20 Adam@DESKTOP-F9FVKAR
INFO 2024-05-18 11:41:14,117 Reloading the application... api\debug\debug.cpp:17 Adam@DESKTOP-F9FVKAR
INFO 2024-05-18 11:42:52,312 Reloading the application... api\debug\debug.cpp:17 Adam@DESKTOP-F9FVKAR
INFO 2024-05-18 11:45:03,029 Reloading the application... api\debug\debug.cpp:17 Adam@DESKTOP-F9FVKAR
ERROR 2024-05-18 11:45:03,678 NE_RS_UNBLDRE: Unable to load application resource file /resources/file-icon/index.html api\debug\debug.cpp:20 Adam@DESKTOP-F9FVKAR
INFO 2024-05-18 11:45:11,993 Reloading the application... api\debug\debug.cpp:17 Adam@DESKTOP-F9FVKAR
ERROR 2024-05-18 11:45:12,360 NE_RS_UNBLDRE: Unable to load application resource file /resources/icons/file-icon/index.html api\debug\debug.cpp:20 Adam@DESKTOP-F9FVKAR
INFO 2024-05-18 11:45:14,837 Reloading the application... api\debug\debug.cpp:17 Adam@DESKTOP-F9FVKAR
ERROR 2024-05-18 11:45:15,183 NE_RS_UNBLDRE: Unable to load application resource file /resources/icons/file-icon/index.html api\debug\debug.cpp:20 Adam@DESKTOP-F9FVKAR
INFO 2024-05-18 11:45:21,586 Reloading the application... api\debug\debug.cpp:17 Adam@DESKTOP-F9FVKAR
INFO 2024-05-18 11:45:29,596 Reloading the application... api\debug\debug.cpp:17 Adam@DESKTOP-F9FVKAR
INFO 2024-05-18 11:45:56,990 Reloading the application... api\debug\debug.cpp:17 Adam@DESKTOP-F9FVKAR
INFO 2024-05-18 11:57:18,582 Reloading the application... api\debug\debug.cpp:17 Adam@DESKTOP-F9FVKAR
INFO 2024-05-18 11:57:28,821 Reloading the application... api\debug\debug.cpp:17 Adam@DESKTOP-F9FVKAR
INFO 2024-05-18 11:57:31,752 Reloading the application... api\debug\debug.cpp:17 Adam@DESKTOP-F9FVKAR
INFO 2024-05-18 11:58:46,507 Reloading the application... api\debug\debug.cpp:17 Adam@DESKTOP-F9FVKAR
INFO 2024-05-18 11:59:06,915 Reloading the application... api\debug\debug.cpp:17 Adam@DESKTOP-F9FVKAR
INFO 2024-05-18 11:59:12,162 Reloading the application... api\debug\debug.cpp:17 Adam@DESKTOP-F9FVKAR
INFO 2024-05-18 11:59:26,835 Reloading the application... api\debug\debug.cpp:17 Adam@DESKTOP-F9FVKAR
INFO 2024-05-18 11:59:34,611 Reloading the application... api\debug\debug.cpp:17 Adam@DESKTOP-F9FVKAR
INFO 2024-05-18 11:59:41,337 Reloading the application... api\debug\debug.cpp:17 Adam@DESKTOP-F9FVKAR
INFO 2024-05-18 11:59:44,435 Reloading the application... api\debug\debug.cpp:17 Adam@DESKTOP-F9FVKAR
INFO 2024-05-18 11:59:52,558 Reloading the application... api\debug\debug.cpp:17 Adam@DESKTOP-F9FVKAR
INFO 2024-05-18 12:00:43,846 Reloading the application... api\debug\debug.cpp:17 Adam@DESKTOP-F9FVKAR
INFO 2024-05-18 12:00:53,445 Reloading the application... api\debug\debug.cpp:17 Adam@DESKTOP-F9FVKAR
INFO 2024-05-18 12:00:56,489 Reloading the application... api\debug\debug.cpp:17 Adam@DESKTOP-F9FVKAR
INFO 2024-05-18 12:03:13,848 Reloading the application... api\debug\debug.cpp:17 Adam@DESKTOP-F9FVKAR
INFO 2024-05-18 12:03:13,849 Reloading the application... api\debug\debug.cpp:17 Adam@DESKTOP-F9FVKAR
INFO 2024-05-18 12:03:13,850 Reloading the application... api\debug\debug.cpp:17 Adam@DESKTOP-F9FVKAR
INFO 2024-05-18 12:03:20,569 Reloading the application... api\debug\debug.cpp:17 Adam@DESKTOP-F9FVKAR
ERROR 2024-05-18 12:03:21,197 NE_RS_UNBLDRE: Unable to load application resource file /resources/icons/file-add.png api\debug\debug.cpp:20 Adam@DESKTOP-F9FVKAR
INFO 2024-05-18 12:03:23,503 Reloading the application... api\debug\debug.cpp:17 Adam@DESKTOP-F9FVKAR
ERROR 2024-05-18 12:03:24,125 NE_RS_UNBLDRE: Unable to load application resource file /resources/icons/file-add.png api\debug\debug.cpp:20 Adam@DESKTOP-F9FVKAR
INFO 2024-05-18 12:04:07,978 Reloading the application... api\debug\debug.cpp:17 Adam@DESKTOP-F9FVKAR
ERROR 2024-05-18 12:04:08,649 NE_RS_UNBLDRE: Unable to load application resource file /resources/icons/file-add.png api\debug\debug.cpp:20 Adam@DESKTOP-F9FVKAR
INFO 2024-05-18 12:04:35,877 Reloading the application... api\debug\debug.cpp:17 Adam@DESKTOP-F9FVKAR
INFO 2024-05-18 12:04:52,402 Reloading the application... api\debug\debug.cpp:17 Adam@DESKTOP-F9FVKAR
INFO 2024-05-18 12:04:58,271 Reloading the application... api\debug\debug.cpp:17 Adam@DESKTOP-F9FVKAR
INFO 2024-05-18 12:06:06,843 Reloading the application... api\debug\debug.cpp:17 Adam@DESKTOP-F9FVKAR
INFO 2024-05-18 12:06:53,458 Reloading the application... api\debug\debug.cpp:17 Adam@DESKTOP-F9FVKAR
INFO 2024-05-18 12:07:19,602 Reloading the application... api\debug\debug.cpp:17 Adam@DESKTOP-F9FVKAR
INFO 2024-05-18 12:08:52,452 Reloading the application... api\debug\debug.cpp:17 Adam@DESKTOP-F9FVKAR
INFO 2024-05-18 12:10:19,393 Reloading the application... api\debug\debug.cpp:17 Adam@DESKTOP-F9FVKAR
INFO 2024-05-18 12:10:39,087 Reloading the application... api\debug\debug.cpp:17 Adam@DESKTOP-F9FVKAR
INFO 2024-05-18 12:11:04,478 Reloading the application... api\debug\debug.cpp:17 Adam@DESKTOP-F9FVKAR
INFO 2024-05-18 12:11:29,728 Reloading the application... api\debug\debug.cpp:17 Adam@DESKTOP-F9FVKAR
INFO 2024-05-18 12:13:00,224 Reloading the application... api\debug\debug.cpp:17 Adam@DESKTOP-F9FVKAR
INFO 2024-05-18 12:13:30,455 Reloading the application... api\debug\debug.cpp:17 Adam@DESKTOP-F9FVKAR
INFO 2024-05-18 12:13:41,530 Reloading the application... api\debug\debug.cpp:17 Adam@DESKTOP-F9FVKAR
INFO 2024-05-18 12:14:11,260 Reloading the application... api\debug\debug.cpp:17 Adam@DESKTOP-F9FVKAR
INFO 2024-05-18 12:31:18,436 Reloading the application... api\debug\debug.cpp:17 Adam@DESKTOP-F9FVKAR
INFO 2024-05-18 12:31:27,385 Reloading the application... api\debug\debug.cpp:17 Adam@DESKTOP-F9FVKAR
INFO 2024-05-18 12:32:11,523 Reloading the application... api\debug\debug.cpp:17 Adam@DESKTOP-F9FVKAR
INFO 2024-05-18 12:33:45,419 Reloading the application... api\debug\debug.cpp:17 Adam@DESKTOP-F9FVKAR
INFO 2024-05-18 12:34:02,291 Reloading the application... api\debug\debug.cpp:17 Adam@DESKTOP-F9FVKAR
INFO 2024-05-18 12:34:23,878 Reloading the application... api\debug\debug.cpp:17 Adam@DESKTOP-F9FVKAR
INFO 2024-05-18 12:34:49,023 Reloading the application... api\debug\debug.cpp:17 Adam@DESKTOP-F9FVKAR
INFO 2024-05-18 12:35:29,144 Reloading the application... api\debug\debug.cpp:17 Adam@DESKTOP-F9FVKAR
INFO 2024-05-18 12:36:09,969 Reloading the application... api\debug\debug.cpp:17 Adam@DESKTOP-F9FVKAR
INFO 2024-05-18 12:36:33,629 Reloading the application... api\debug\debug.cpp:17 Adam@DESKTOP-F9FVKAR
INFO 2024-05-18 12:38:46,359 Reloading the application... api\debug\debug.cpp:17 Adam@DESKTOP-F9FVKAR
INFO 2024-05-18 12:39:18,871 Reloading the application... api\debug\debug.cpp:17 Adam@DESKTOP-F9FVKAR
INFO 2024-05-18 12:40:12,319 Reloading the application... api\debug\debug.cpp:17 Adam@DESKTOP-F9FVKAR
INFO 2024-05-18 12:42:34,094 Reloading the application... api\debug\debug.cpp:17 Adam@DESKTOP-F9FVKAR
INFO 2024-05-18 12:43:05,704 Reloading the application... api\debug\debug.cpp:17 Adam@DESKTOP-F9FVKAR
INFO 2024-05-18 12:47:02,887 Reloading the application... api\debug\debug.cpp:17 Adam@DESKTOP-F9FVKAR
INFO 2024-05-18 12:47:16,568 Reloading the application... api\debug\debug.cpp:17 Adam@DESKTOP-F9FVKAR
INFO 2024-05-18 12:47:19,893 Reloading the application... api\debug\debug.cpp:17 Adam@DESKTOP-F9FVKAR
INFO 2024-05-18 12:49:43,776 Reloading the application... api\debug\debug.cpp:17 Adam@DESKTOP-F9FVKAR
INFO 2024-05-18 12:49:57,334 Reloading the application... api\debug\debug.cpp:17 Adam@DESKTOP-F9FVKAR
INFO 2024-05-18 12:49:59,823 Reloading the application... api\debug\debug.cpp:17 Adam@DESKTOP-F9FVKAR
INFO 2024-05-18 12:51:25,972 Reloading the application... api\debug\debug.cpp:17 Adam@DESKTOP-F9FVKAR
INFO 2024-05-18 12:52:22,160 Reloading the application... api\debug\debug.cpp:17 Adam@DESKTOP-F9FVKAR
INFO 2024-05-18 12:52:25,725 Reloading the application... api\debug\debug.cpp:17 Adam@DESKTOP-F9FVKAR
INFO 2024-05-18 12:53:22,509 Reloading the application... api\debug\debug.cpp:17 Adam@DESKTOP-F9FVKAR
INFO 2024-05-18 12:55:16,796 Reloading the application... api\debug\debug.cpp:17 Adam@DESKTOP-F9FVKAR
INFO 2024-05-18 12:56:36,264 Reloading the application... api\debug\debug.cpp:17 Adam@DESKTOP-F9FVKAR
INFO 2024-05-18 13:01:26,391 Auth info was exported to ./.tmp/auth_info.json api\debug\debug.cpp:17 Adam@DESKTOP-F9FVKAR
ERROR 2024-05-18 13:01:28,094 NE_RS_UNBLDRE: Unable to load application resource file /resources/favicon.ico api\debug\debug.cpp:20 Adam@DESKTOP-F9FVKAR
INFO 2024-05-18 13:01:59,183 Reloading the application... api\debug\debug.cpp:17 Adam@DESKTOP-F9FVKAR
INFO 2024-05-18 13:02:56,568 Reloading the application... api\debug\debug.cpp:17 Adam@DESKTOP-F9FVKAR
INFO 2024-05-18 13:04:45,753 Reloading the application... api\debug\debug.cpp:17 Adam@DESKTOP-F9FVKAR
INFO 2024-05-18 13:04:49,372 Reloading the application... api\debug\debug.cpp:17 Adam@DESKTOP-F9FVKAR
INFO 2024-05-18 13:05:39,580 Reloading the application... api\debug\debug.cpp:17 Adam@DESKTOP-F9FVKAR
INFO 2024-05-18 13:07:22,568 Reloading the application... api\debug\debug.cpp:17 Adam@DESKTOP-F9FVKAR
INFO 2024-05-18 13:08:45,976 Reloading the application... api\debug\debug.cpp:17 Adam@DESKTOP-F9FVKAR
INFO 2024-05-18 13:08:59,150 Reloading the application... api\debug\debug.cpp:17 Adam@DESKTOP-F9FVKAR
INFO 2024-05-18 13:12:50,712 Reloading the application... api\debug\debug.cpp:17 Adam@DESKTOP-F9FVKAR
INFO 2024-05-18 13:21:16,648 Reloading the application... api\debug\debug.cpp:17 Adam@DESKTOP-F9FVKAR
INFO 2024-05-18 13:22:27,331 Reloading the application... api\debug\debug.cpp:17 Adam@DESKTOP-F9FVKAR
INFO 2024-05-18 14:50:15,182 Auth info was exported to ./.tmp/auth_info.json api\debug\debug.cpp:17 Adam@DESKTOP-F9FVKAR
ERROR 2024-05-18 14:50:17,500 NE_RS_UNBLDRE: Unable to load application resource file /resources/favicon.ico api\debug\debug.cpp:20 Adam@DESKTOP-F9FVKAR
INFO 2024-05-18 14:53:30,330 Auth info was exported to ./.tmp/auth_info.json api\debug\debug.cpp:17 Adam@DESKTOP-F9FVKAR
ERROR 2024-05-18 14:53:33,198 NE_RS_UNBLDRE: Unable to load application resource file /resources/favicon.ico api\debug\debug.cpp:20 Adam@DESKTOP-F9FVKAR
INFO 2024-05-18 14:53:47,544 Auth info was exported to ./.tmp/auth_info.json api\debug\debug.cpp:17 Adam@DESKTOP-F9FVKAR
ERROR 2024-05-18 14:53:50,625 NE_RS_UNBLDRE: Unable to load application resource file /resources/favicon.ico api\debug\debug.cpp:20 Adam@DESKTOP-F9FVKAR
INFO 2024-05-18 14:53:57,115 Reloading the application... api\debug\debug.cpp:17 Adam@DESKTOP-F9FVKAR
INFO 2024-05-18 14:54:00,914 Reloading the application... api\debug\debug.cpp:17 Adam@DESKTOP-F9FVKAR
INFO 2024-05-18 14:54:04,158 Reloading the application... api\debug\debug.cpp:17 Adam@DESKTOP-F9FVKAR
INFO 2024-05-18 14:54:45,254 Auth info was exported to ./.tmp/auth_info.json api\debug\debug.cpp:17 Adam@DESKTOP-F9FVKAR
ERROR 2024-05-18 14:54:47,996 NE_RS_UNBLDRE: Unable to load application resource file /resources/favicon.ico api\debug\debug.cpp:20 Adam@DESKTOP-F9FVKAR
INFO 2024-05-18 14:55:30,475 Reloading the application... api\debug\debug.cpp:17 Adam@DESKTOP-F9FVKAR
INFO 2024-05-18 14:58:07,284 Reloading the application... api\debug\debug.cpp:17 Adam@DESKTOP-F9FVKAR
INFO 2024-05-18 14:58:09,601 Reloading the application... api\debug\debug.cpp:17 Adam@DESKTOP-F9FVKAR
INFO 2024-05-18 14:59:26,434 Reloading the application... api\debug\debug.cpp:17 Adam@DESKTOP-F9FVKAR
INFO 2024-05-18 15:02:03,820 Reloading the application... api\debug\debug.cpp:17 Adam@DESKTOP-F9FVKAR
INFO 2024-05-18 15:02:17,988 Reloading the application... api\debug\debug.cpp:17 Adam@DESKTOP-F9FVKAR
INFO 2024-05-18 15:02:23,050 Reloading the application... api\debug\debug.cpp:17 Adam@DESKTOP-F9FVKAR
INFO 2024-05-18 15:03:02,772 Reloading the application... api\debug\debug.cpp:17 Adam@DESKTOP-F9FVKAR
INFO 2024-05-18 16:30:01,112 Auth info was exported to ./.tmp/auth_info.json api\debug\debug.cpp:17 Adam@DESKTOP-F9FVKAR
ERROR 2024-05-18 16:30:03,901 NE_RS_UNBLDRE: Unable to load application resource file /resources/favicon.ico api\debug\debug.cpp:20 Adam@DESKTOP-F9FVKAR
INFO 2024-05-18 16:30:12,407 Reloading the application... api\debug\debug.cpp:17 Adam@DESKTOP-F9FVKAR
INFO 2024-05-18 16:30:15,643 Auth info was exported to ./.tmp/auth_info.json api\debug\debug.cpp:17 Adam@DESKTOP-F9FVKAR
ERROR 2024-05-18 16:30:17,918 NE_RS_UNBLDRE: Unable to load application resource file /resources/favicon.ico api\debug\debug.cpp:20 Adam@DESKTOP-F9FVKAR
INFO 2024-05-18 16:31:04,023 Reloading the application... api\debug\debug.cpp:17 Adam@DESKTOP-F9FVKAR
INFO 2024-05-18 16:32:07,776 Reloading the application... api\debug\debug.cpp:17 Adam@DESKTOP-F9FVKAR
INFO 2024-05-18 16:34:07,995 Reloading the application... api\debug\debug.cpp:17 Adam@DESKTOP-F9FVKAR
INFO 2024-05-18 16:37:45,040 Reloading the application... api\debug\debug.cpp:17 Adam@DESKTOP-F9FVKAR
INFO 2024-05-21 08:20:26,666 Auth info was exported to ./.tmp/auth_info.json api\debug\debug.cpp:17 Adam@DESKTOP-F9FVKAR
ERROR 2024-05-21 08:20:29,304 NE_RS_UNBLDRE: Unable to load application resource file /resources/favicon.ico api\debug\debug.cpp:20 Adam@DESKTOP-F9FVKAR
INFO 2024-05-21 08:21:45,526 Auth info was exported to ./.tmp/auth_info.json api\debug\debug.cpp:17 Adam@DESKTOP-F9FVKAR
ERROR 2024-05-21 08:21:48,298 NE_RS_UNBLDRE: Unable to load application resource file /resources/favicon.ico api\debug\debug.cpp:20 Adam@DESKTOP-F9FVKAR
INFO 2024-05-21 08:22:54,098 Reloading the application... api\debug\debug.cpp:17 Adam@DESKTOP-F9FVKAR
INFO 2024-05-21 08:22:56,642 Auth info was exported to ./.tmp/auth_info.json api\debug\debug.cpp:17 Adam@DESKTOP-F9FVKAR
ERROR 2024-05-21 08:22:59,653 NE_RS_UNBLDRE: Unable to load application resource file /resources/favicon.ico api\debug\debug.cpp:20 Adam@DESKTOP-F9FVKAR
INFO 2024-05-21 08:23:33,736 Reloading the application... api\debug\debug.cpp:17 Adam@DESKTOP-F9FVKAR
INFO 2024-05-21 08:23:42,626 Auth info was exported to ./.tmp/auth_info.json api\debug\debug.cpp:17 Adam@DESKTOP-F9FVKAR
ERROR 2024-05-21 08:23:45,512 NE_RS_UNBLDRE: Unable to load application resource file /resources/favicon.ico api\debug\debug.cpp:20 Adam@DESKTOP-F9FVKAR
INFO 2024-05-21 08:25:14,862 Reloading the application... api\debug\debug.cpp:17 Adam@DESKTOP-F9FVKAR
INFO 2024-05-21 08:25:54,794 Auth info was exported to ./.tmp/auth_info.json api\debug\debug.cpp:17 Adam@DESKTOP-F9FVKAR
ERROR 2024-05-21 08:25:57,552 NE_RS_UNBLDRE: Unable to load application resource file /resources/favicon.ico api\debug\debug.cpp:20 Adam@DESKTOP-F9FVKAR
INFO 2024-05-21 08:27:18,327 Reloading the application... api\debug\debug.cpp:17 Adam@DESKTOP-F9FVKAR
INFO 2024-05-21 08:27:23,188 Reloading the application... api\debug\debug.cpp:17 Adam@DESKTOP-F9FVKAR
INFO 2024-05-21 08:27:45,395 Auth info was exported to ./.tmp/auth_info.json api\debug\debug.cpp:17 Adam@DESKTOP-F9FVKAR
ERROR 2024-05-21 08:27:49,013 NE_RS_UNBLDRE: Unable to load application resource file /resources/favicon.ico api\debug\debug.cpp:20 Adam@DESKTOP-F9FVKAR
INFO 2024-05-21 08:30:42,382 Reloading the application... api\debug\debug.cpp:17 Adam@DESKTOP-F9FVKAR
INFO 2024-05-21 08:30:45,675 Auth info was exported to ./.tmp/auth_info.json api\debug\debug.cpp:17 Adam@DESKTOP-F9FVKAR
ERROR 2024-05-21 08:30:48,500 NE_RS_UNBLDRE: Unable to load application resource file /resources/favicon.ico api\debug\debug.cpp:20 Adam@DESKTOP-F9FVKAR
INFO 2024-05-21 08:32:01,503 Reloading the application... api\debug\debug.cpp:17 Adam@DESKTOP-F9FVKAR
INFO 2024-05-21 08:32:39,792 Auth info was exported to ./.tmp/auth_info.json api\debug\debug.cpp:17 Adam@DESKTOP-F9FVKAR
ERROR 2024-05-21 08:32:42,003 NE_RS_UNBLDRE: Unable to load application resource file /resources/favicon.ico api\debug\debug.cpp:20 Adam@DESKTOP-F9FVKAR
INFO 2024-05-21 08:40:07,254 Auth info was exported to ./.tmp/auth_info.json api\debug\debug.cpp:17 Adam@DESKTOP-F9FVKAR
ERROR 2024-05-21 08:40:11,333 NE_RS_UNBLDRE: Unable to load application resource file /resources/favicon.ico api\debug\debug.cpp:20 Adam@DESKTOP-F9FVKAR
INFO 2024-05-21 08:44:31,083 Auth info was exported to ./.tmp/auth_info.json api\debug\debug.cpp:17 Adam@DESKTOP-F9FVKAR
ERROR 2024-05-21 08:44:34,625 NE_RS_UNBLDRE: Unable to load application resource file /resources/favicon.ico api\debug\debug.cpp:20 Adam@DESKTOP-F9FVKAR
INFO 2024-05-21 08:45:15,189 Auth info was exported to ./.tmp/auth_info.json api\debug\debug.cpp:17 Adam@DESKTOP-F9FVKAR
ERROR 2024-05-21 08:45:17,252 NE_RS_UNBLDRE: Unable to load application resource file /resources/favicon.ico api\debug\debug.cpp:20 Adam@DESKTOP-F9FVKAR
INFO 2024-05-21 08:49:31,902 Auth info was exported to ./.tmp/auth_info.json api\debug\debug.cpp:17 Adam@DESKTOP-F9FVKAR
ERROR 2024-05-21 08:49:34,462 NE_RS_UNBLDRE: Unable to load application resource file /resources/favicon.ico api\debug\debug.cpp:20 Adam@DESKTOP-F9FVKAR
INFO 2024-05-21 08:51:56,602 Reloading the application... api\debug\debug.cpp:17 Adam@DESKTOP-F9FVKAR
INFO 2024-05-21 08:52:00,137 Auth info was exported to ./.tmp/auth_info.json api\debug\debug.cpp:17 Adam@DESKTOP-F9FVKAR
ERROR 2024-05-21 08:52:02,722 NE_RS_UNBLDRE: Unable to load application resource file /resources/favicon.ico api\debug\debug.cpp:20 Adam@DESKTOP-F9FVKAR
INFO 2024-05-21 08:52:39,284 Reloading the application... api\debug\debug.cpp:17 Adam@DESKTOP-F9FVKAR
INFO 2024-05-21 08:53:06,282 Auth info was exported to ./.tmp/auth_info.json api\debug\debug.cpp:17 Adam@DESKTOP-F9FVKAR
ERROR 2024-05-21 08:53:09,391 NE_RS_UNBLDRE: Unable to load application resource file /resources/favicon.ico api\debug\debug.cpp:20 Adam@DESKTOP-F9FVKAR
INFO 2024-05-21 08:53:55,680 Auth info was exported to ./.tmp/auth_info.json api\debug\debug.cpp:17 Adam@DESKTOP-F9FVKAR
ERROR 2024-05-21 08:53:58,298 NE_RS_UNBLDRE: Unable to load application resource file /resources/favicon.ico api\debug\debug.cpp:20 Adam@DESKTOP-F9FVKAR
INFO 2024-05-21 09:07:33,198 Auth info was exported to ./.tmp/auth_info.json api\debug\debug.cpp:17 Adam@DESKTOP-F9FVKAR
ERROR 2024-05-21 09:07:34,648 NE_RS_UNBLDRE: Unable to load application resource file /resources/favicon.ico api\debug\debug.cpp:20 Adam@DESKTOP-F9FVKAR
INFO 2024-05-21 09:10:03,963 Auth info was exported to ./.tmp/auth_info.json api\debug\debug.cpp:17 Adam@DESKTOP-F9FVKAR
ERROR 2024-05-21 09:10:05,408 NE_RS_UNBLDRE: Unable to load application resource file /resources/favicon.ico api\debug\debug.cpp:20 Adam@DESKTOP-F9FVKAR
INFO 2024-05-21 09:13:07,228 Auth info was exported to ./.tmp/auth_info.json api\debug\debug.cpp:17 Adam@DESKTOP-F9FVKAR
ERROR 2024-05-21 09:13:08,668 NE_RS_UNBLDRE: Unable to load application resource file /resources/favicon.ico api\debug\debug.cpp:20 Adam@DESKTOP-F9FVKAR
INFO 2024-05-21 09:14:14,977 Auth info was exported to ./.tmp/auth_info.json api\debug\debug.cpp:17 Adam@DESKTOP-F9FVKAR
ERROR 2024-05-21 09:14:16,400 NE_RS_UNBLDRE: Unable to load application resource file /resources/favicon.ico api\debug\debug.cpp:20 Adam@DESKTOP-F9FVKAR
INFO 2024-05-21 10:04:41,297 Auth info was exported to ./.tmp/auth_info.json api\debug\debug.cpp:17 Adam@DESKTOP-F9FVKAR
ERROR 2024-05-21 10:04:43,268 NE_RS_UNBLDRE: Unable to load application resource file /resources/favicon.ico api\debug\debug.cpp:20 Adam@DESKTOP-F9FVKAR
INFO 2024-05-21 12:03:25,509 Auth info was exported to ./.tmp/auth_info.json api\debug\debug.cpp:17 Adam@DESKTOP-F9FVKAR
ERROR 2024-05-21 12:03:27,675 NE_RS_UNBLDRE: Unable to load application resource file /resources/favicon.ico api\debug\debug.cpp:20 Adam@DESKTOP-F9FVKAR
INFO 2024-05-21 12:44:18,074 Auth info was exported to ./.tmp/auth_info.json api\debug\debug.cpp:17 Adam@DESKTOP-F9FVKAR
ERROR 2024-05-21 12:44:20,074 NE_RS_UNBLDRE: Unable to load application resource file /resources/favicon.ico api\debug\debug.cpp:20 Adam@DESKTOP-F9FVKAR
INFO 2024-05-22 10:35:51,698 Auth info was exported to ./.tmp/auth_info.json api\debug\debug.cpp:17 Adam@DESKTOP-F9FVKAR
ERROR 2024-05-22 10:35:53,758 NE_RS_UNBLDRE: Unable to load application resource file /resources/favicon.ico api\debug\debug.cpp:20 Adam@DESKTOP-F9FVKAR
INFO 2024-05-22 10:37:35,768 Reloading the application... api\debug\debug.cpp:17 Adam@DESKTOP-F9FVKAR
INFO 2024-05-22 10:37:47,030 Reloading the application... api\debug\debug.cpp:17 Adam@DESKTOP-F9FVKAR
INFO 2024-05-22 10:37:50,138 Auth info was exported to ./.tmp/auth_info.json api\debug\debug.cpp:17 Adam@DESKTOP-F9FVKAR
ERROR 2024-05-22 10:37:52,350 NE_RS_UNBLDRE: Unable to load application resource file /resources/favicon.ico api\debug\debug.cpp:20 Adam@DESKTOP-F9FVKAR
INFO 2024-05-22 10:37:59,491 Reloading the application... api\debug\debug.cpp:17 Adam@DESKTOP-F9FVKAR
INFO 2024-05-22 10:38:32,858 Reloading the application... api\debug\debug.cpp:17 Adam@DESKTOP-F9FVKAR
INFO 2024-05-22 10:40:10,869 Auth info was exported to ./.tmp/auth_info.json api\debug\debug.cpp:17 Adam@DESKTOP-F9FVKAR
ERROR 2024-05-22 10:40:12,934 NE_RS_UNBLDRE: Unable to load application resource file /resources/favicon.ico api\debug\debug.cpp:20 Adam@DESKTOP-F9FVKAR
INFO 2024-05-22 10:40:27,068 Auth info was exported to ./.tmp/auth_info.json api\debug\debug.cpp:17 Adam@DESKTOP-F9FVKAR
ERROR 2024-05-22 10:40:29,344 NE_RS_UNBLDRE: Unable to load application resource file /resources/favicon.ico api\debug\debug.cpp:20 Adam@DESKTOP-F9FVKAR
INFO 2024-05-22 10:41:51,658 Auth info was exported to ./.tmp/auth_info.json api\debug\debug.cpp:17 Adam@DESKTOP-F9FVKAR
ERROR 2024-05-22 10:41:54,022 NE_RS_UNBLDRE: Unable to load application resource file /resources/favicon.ico api\debug\debug.cpp:20 Adam@DESKTOP-F9FVKAR
INFO 2024-05-22 10:42:22,086 Auth info was exported to ./.tmp/auth_info.json api\debug\debug.cpp:17 Adam@DESKTOP-F9FVKAR
ERROR 2024-05-22 10:42:24,716 NE_RS_UNBLDRE: Unable to load application resource file /resources/favicon.ico api\debug\debug.cpp:20 Adam@DESKTOP-F9FVKAR
INFO 2024-05-22 10:46:18,668 Reloading the application... api\debug\debug.cpp:17 Adam@DESKTOP-F9FVKAR
INFO 2024-05-22 10:46:32,480 Reloading the application... api\debug\debug.cpp:17 Adam@DESKTOP-F9FVKAR
INFO 2024-05-22 10:46:34,729 Auth info was exported to ./.tmp/auth_info.json api\debug\debug.cpp:17 Adam@DESKTOP-F9FVKAR
ERROR 2024-05-22 10:46:37,087 NE_RS_UNBLDRE: Unable to load application resource file /resources/favicon.ico api\debug\debug.cpp:20 Adam@DESKTOP-F9FVKAR
INFO 2024-05-22 10:46:44,946 Auth info was exported to ./.tmp/auth_info.json api\debug\debug.cpp:17 Adam@DESKTOP-F9FVKAR
ERROR 2024-05-22 10:46:47,618 NE_RS_UNBLDRE: Unable to load application resource file /resources/favicon.ico api\debug\debug.cpp:20 Adam@DESKTOP-F9FVKAR
INFO 2024-05-22 10:48:37,223 Reloading the application... api\debug\debug.cpp:17 Adam@DESKTOP-F9FVKAR
INFO 2024-05-22 10:48:39,399 Reloading the application... api\debug\debug.cpp:17 Adam@DESKTOP-F9FVKAR
INFO 2024-05-22 10:48:44,863 Auth info was exported to ./.tmp/auth_info.json api\debug\debug.cpp:17 Adam@DESKTOP-F9FVKAR
ERROR 2024-05-22 10:48:47,129 NE_RS_UNBLDRE: Unable to load application resource file /resources/favicon.ico api\debug\debug.cpp:20 Adam@DESKTOP-F9FVKAR
INFO 2024-05-22 10:49:25,916 Reloading the application... api\debug\debug.cpp:17 Adam@DESKTOP-F9FVKAR
INFO 2024-05-22 10:50:58,185 Reloading the application... api\debug\debug.cpp:17 Adam@DESKTOP-F9FVKAR
INFO 2024-05-22 10:50:58,246 Reloading the application... api\debug\debug.cpp:17 Adam@DESKTOP-F9FVKAR
INFO 2024-05-22 10:51:22,647 Reloading the application... api\debug\debug.cpp:17 Adam@DESKTOP-F9FVKAR
INFO 2024-05-22 10:51:51,289 Reloading the application... api\debug\debug.cpp:17 Adam@DESKTOP-F9FVKAR
INFO 2024-05-22 10:54:27,485 Reloading the application... api\debug\debug.cpp:17 Adam@DESKTOP-F9FVKAR
INFO 2024-05-22 10:54:36,967 Reloading the application... api\debug\debug.cpp:17 Adam@DESKTOP-F9FVKAR
INFO 2024-05-22 10:54:44,928 Reloading the application... api\debug\debug.cpp:17 Adam@DESKTOP-F9FVKAR
INFO 2024-05-22 10:56:07,631 Reloading the application... api\debug\debug.cpp:17 Adam@DESKTOP-F9FVKAR
INFO 2024-05-22 10:56:16,319 Auth info was exported to ./.tmp/auth_info.json api\debug\debug.cpp:17 Adam@DESKTOP-F9FVKAR
ERROR 2024-05-22 10:56:18,581 NE_RS_UNBLDRE: Unable to load application resource file /resources/favicon.ico api\debug\debug.cpp:20 Adam@DESKTOP-F9FVKAR
INFO 2024-05-22 11:03:42,232 Auth info was exported to ./.tmp/auth_info.json api\debug\debug.cpp:17 Adam@DESKTOP-F9FVKAR
ERROR 2024-05-22 11:03:44,637 NE_RS_UNBLDRE: Unable to load application resource file /resources/favicon.ico api\debug\debug.cpp:20 Adam@DESKTOP-F9FVKAR
INFO 2024-05-22 11:04:50,750 Reloading the application... api\debug\debug.cpp:17 Adam@DESKTOP-F9FVKAR
INFO 2024-05-22 11:04:57,635 Reloading the application... api\debug\debug.cpp:17 Adam@DESKTOP-F9FVKAR
INFO 2024-05-22 11:05:29,148 Reloading the application... api\debug\debug.cpp:17 Adam@DESKTOP-F9FVKAR
INFO 2024-05-22 11:05:32,323 Reloading the application... api\debug\debug.cpp:17 Adam@DESKTOP-F9FVKAR
INFO 2024-05-22 11:05:39,059 Reloading the application... api\debug\debug.cpp:17 Adam@DESKTOP-F9FVKAR
INFO 2024-05-22 11:05:49,319 Reloading the application... api\debug\debug.cpp:17 Adam@DESKTOP-F9FVKAR
INFO 2024-05-22 11:05:55,837 Reloading the application... api\debug\debug.cpp:17 Adam@DESKTOP-F9FVKAR
INFO 2024-05-22 11:07:04,630 Reloading the application... api\debug\debug.cpp:17 Adam@DESKTOP-F9FVKAR
INFO 2024-05-22 11:08:05,969 Reloading the application... api\debug\debug.cpp:17 Adam@DESKTOP-F9FVKAR
INFO 2024-05-22 11:08:17,640 Reloading the application... api\debug\debug.cpp:17 Adam@DESKTOP-F9FVKAR
INFO 2024-05-22 11:08:39,411 Reloading the application... api\debug\debug.cpp:17 Adam@DESKTOP-F9FVKAR
INFO 2024-05-22 11:10:04,630 Auth info was exported to ./.tmp/auth_info.json api\debug\debug.cpp:17 Adam@DESKTOP-F9FVKAR
ERROR 2024-05-22 11:10:06,849 NE_RS_UNBLDRE: Unable to load application resource file /resources/favicon.ico api\debug\debug.cpp:20 Adam@DESKTOP-F9FVKAR
INFO 2024-05-22 11:11:07,680 Reloading the application... api\debug\debug.cpp:17 Adam@DESKTOP-F9FVKAR
INFO 2024-05-22 11:13:42,259 Reloading the application... api\debug\debug.cpp:17 Adam@DESKTOP-F9FVKAR
INFO 2024-05-22 11:13:56,798 Reloading the application... api\debug\debug.cpp:17 Adam@DESKTOP-F9FVKAR
INFO 2024-05-22 11:14:26,002 Auth info was exported to ./.tmp/auth_info.json api\debug\debug.cpp:17 Adam@DESKTOP-F9FVKAR
ERROR 2024-05-22 11:14:29,650 NE_RS_UNBLDRE: Unable to load application resource file /resources/favicon.ico api\debug\debug.cpp:20 Adam@DESKTOP-F9FVKAR
INFO 2024-05-22 11:15:07,010 Auth info was exported to ./.tmp/auth_info.json api\debug\debug.cpp:17 Adam@DESKTOP-F9FVKAR
ERROR 2024-05-22 11:15:12,115 NE_RS_UNBLDRE: Unable to load application resource file /resources/favicon.ico api\debug\debug.cpp:20 Adam@DESKTOP-F9FVKAR
INFO 2024-05-22 11:16:51,315 Reloading the application... api\debug\debug.cpp:17 Adam@DESKTOP-F9FVKAR
INFO 2024-05-22 11:23:24,066 Reloading the application... api\debug\debug.cpp:17 Adam@DESKTOP-F9FVKAR
INFO 2024-05-22 11:24:09,377 Reloading the application... api\debug\debug.cpp:17 Adam@DESKTOP-F9FVKAR
INFO 2024-05-22 11:24:22,501 Reloading the application... api\debug\debug.cpp:17 Adam@DESKTOP-F9FVKAR
INFO 2024-05-22 11:25:50,455 Reloading the application... api\debug\debug.cpp:17 Adam@DESKTOP-F9FVKAR
INFO 2024-05-22 11:25:52,390 Auth info was exported to ./.tmp/auth_info.json api\debug\debug.cpp:17 Adam@DESKTOP-F9FVKAR
ERROR 2024-05-22 11:25:55,231 NE_RS_UNBLDRE: Unable to load application resource file /resources/favicon.ico api\debug\debug.cpp:20 Adam@DESKTOP-F9FVKAR
INFO 2024-05-22 11:30:30,884 Reloading the application... api\debug\debug.cpp:17 Adam@DESKTOP-F9FVKAR
INFO 2024-05-22 11:30:35,891 Reloading the application... api\debug\debug.cpp:17 Adam@DESKTOP-F9FVKAR
INFO 2024-05-22 11:31:09,924 Reloading the application... api\debug\debug.cpp:17 Adam@DESKTOP-F9FVKAR
INFO 2024-05-22 11:31:32,221 Reloading the application... api\debug\debug.cpp:17 Adam@DESKTOP-F9FVKAR
INFO 2024-05-22 11:31:53,654 Reloading the application... api\debug\debug.cpp:17 Adam@DESKTOP-F9FVKAR
INFO 2024-05-22 11:32:47,119 Reloading the application... api\debug\debug.cpp:17 Adam@DESKTOP-F9FVKAR
INFO 2024-05-22 11:32:55,141 Reloading the application... api\debug\debug.cpp:17 Adam@DESKTOP-F9FVKAR
INFO 2024-05-22 11:35:02,536 Reloading the application... api\debug\debug.cpp:17 Adam@DESKTOP-F9FVKAR
INFO 2024-05-22 11:38:00,787 Reloading the application... api\debug\debug.cpp:17 Adam@DESKTOP-F9FVKAR
INFO 2024-05-22 11:38:07,844 Reloading the application... api\debug\debug.cpp:17 Adam@DESKTOP-F9FVKAR
INFO 2024-05-22 11:38:26,861 Reloading the application... api\debug\debug.cpp:17 Adam@DESKTOP-F9FVKAR
INFO 2024-05-22 11:38:41,569 Reloading the application... api\debug\debug.cpp:17 Adam@DESKTOP-F9FVKAR
INFO 2024-05-22 11:39:39,793 Auth info was exported to ./.tmp/auth_info.json api\debug\debug.cpp:17 Adam@DESKTOP-F9FVKAR
ERROR 2024-05-22 11:39:42,045 NE_RS_UNBLDRE: Unable to load application resource file /resources/favicon.ico api\debug\debug.cpp:20 Adam@DESKTOP-F9FVKAR
INFO 2024-05-22 11:40:05,096 Auth info was exported to ./.tmp/auth_info.json api\debug\debug.cpp:17 Adam@DESKTOP-F9FVKAR
INFO 2024-05-22 12:08:43,217 Auth info was exported to ./.tmp/auth_info.json api\debug\debug.cpp:17 Adam@DESKTOP-F9FVKAR
ERROR 2024-05-22 12:08:44,557 NE_RS_UNBLDRE: Unable to load application resource file /resources/favicon.ico api\debug\debug.cpp:20 Adam@DESKTOP-F9FVKAR
INFO 2024-05-24 09:20:38,336 Auth info was exported to ./.tmp/auth_info.json api\debug\debug.cpp:17 Adam@DESKTOP-F9FVKAR
ERROR 2024-05-24 09:20:40,573 NE_RS_UNBLDRE: Unable to load application resource file /resources/favicon.ico api\debug\debug.cpp:20 Adam@DESKTOP-F9FVKAR
INFO 2024-05-24 09:21:00,149 Reloading the application... api\debug\debug.cpp:17 Adam@DESKTOP-F9FVKAR
INFO 2024-05-24 16:01:09,657 Auth info was exported to ./.tmp/auth_info.json api\debug\debug.cpp:17 Adam@DESKTOP-F9FVKAR
ERROR 2024-05-24 16:01:11,900 NE_RS_UNBLDRE: Unable to load application resource file /resources/favicon.ico api\debug\debug.cpp:20 Adam@DESKTOP-F9FVKAR
INFO 2024-05-24 16:01:25,237 Auth info was exported to ./.tmp/auth_info.json api\debug\debug.cpp:17 Adam@DESKTOP-F9FVKAR
ERROR 2024-05-24 16:01:28,063 NE_RS_UNBLDRE: Unable to load application resource file /resources/favicon.ico api\debug\debug.cpp:20 Adam@DESKTOP-F9FVKAR
INFO 2024-05-24 16:02:55,930 Auth info was exported to ./.tmp/auth_info.json api\debug\debug.cpp:17 Adam@DESKTOP-F9FVKAR
ERROR 2024-05-24 16:02:58,474 NE_RS_UNBLDRE: Unable to load application resource file /resources/favicon.ico api\debug\debug.cpp:20 Adam@DESKTOP-F9FVKAR
INFO 2024-05-24 16:07:39,031 Reloading the application... api\debug\debug.cpp:17 Adam@DESKTOP-F9FVKAR
INFO 2024-05-24 16:07:40,838 Auth info was exported to ./.tmp/auth_info.json api\debug\debug.cpp:17 Adam@DESKTOP-F9FVKAR
ERROR 2024-05-24 16:07:42,690 NE_RS_UNBLDRE: Unable to load application resource file /resources/favicon.ico api\debug\debug.cpp:20 Adam@DESKTOP-F9FVKAR
INFO 2024-05-27 20:31:25,901 Auth info was exported to ./.tmp/auth_info.json api\debug\debug.cpp:17 Adam@DESKTOP-F9FVKAR
ERROR 2024-05-27 20:31:28,762 NE_RS_UNBLDRE: Unable to load application resource file /resources/favicon.ico api\debug\debug.cpp:20 Adam@DESKTOP-F9FVKAR
INFO 2024-05-28 21:05:39,895 Auth info was exported to ./.tmp/auth_info.json api\debug\debug.cpp:17 Adam@DESKTOP-F9FVKAR
ERROR 2024-05-28 21:05:42,017 NE_RS_UNBLDRE: Unable to load application resource file /resources/favicon.ico api\debug\debug.cpp:20 Adam@DESKTOP-F9FVKAR
INFO 2024-05-28 21:06:02,659 Reloading the application... api\debug\debug.cpp:17 Adam@DESKTOP-F9FVKAR
INFO 2024-05-28 21:06:05,713 Auth info was exported to ./.tmp/auth_info.json api\debug\debug.cpp:17 Adam@DESKTOP-F9FVKAR
ERROR 2024-05-28 21:06:07,108 NE_RS_UNBLDRE: Unable to load application resource file /resources/favicon.ico api\debug\debug.cpp:20 Adam@DESKTOP-F9FVKAR
INFO 2024-05-28 21:10:47,560 Auth info was exported to ./.tmp/auth_info.json api\debug\debug.cpp:17 Adam@DESKTOP-F9FVKAR
ERROR 2024-05-28 21:10:49,429 NE_RS_UNBLDRE: Unable to load application resource file /resources/favicon.ico api\debug\debug.cpp:20 Adam@DESKTOP-F9FVKAR
INFO 2024-05-28 21:11:09,373 Auth info was exported to ./.tmp/auth_info.json api\debug\debug.cpp:17 Adam@DESKTOP-F9FVKAR
ERROR 2024-05-28 21:11:11,439 NE_RS_UNBLDRE: Unable to load application resource file /resources/favicon.ico api\debug\debug.cpp:20 Adam@DESKTOP-F9FVKAR
INFO 2024-05-28 21:11:20,220 Auth info was exported to ./.tmp/auth_info.json api\debug\debug.cpp:17 Adam@DESKTOP-F9FVKAR
ERROR 2024-05-28 21:11:21,886 NE_RS_UNBLDRE: Unable to load application resource file /resources/favicon.ico api\debug\debug.cpp:20 Adam@DESKTOP-F9FVKAR
INFO 2024-05-28 21:11:38,034 Auth info was exported to ./.tmp/auth_info.json api\debug\debug.cpp:17 Adam@DESKTOP-F9FVKAR
ERROR 2024-05-28 21:11:39,352 NE_RS_UNBLDRE: Unable to load application resource file /resources/favicon.ico api\debug\debug.cpp:20 Adam@DESKTOP-F9FVKAR
INFO 2024-05-28 21:11:51,419 Auth info was exported to ./.tmp/auth_info.json api\debug\debug.cpp:17 Adam@DESKTOP-F9FVKAR
ERROR 2024-05-28 21:11:53,137 NE_RS_UNBLDRE: Unable to load application resource file /resources/favicon.ico api\debug\debug.cpp:20 Adam@DESKTOP-F9FVKAR
INFO 2024-05-28 21:23:43,312 Auth info was exported to ./.tmp/auth_info.json api\debug\debug.cpp:17 Adam@DESKTOP-F9FVKAR
ERROR 2024-05-28 21:23:44,953 NE_RS_UNBLDRE: Unable to load application resource file /resources/favicon.ico api\debug\debug.cpp:20 Adam@DESKTOP-F9FVKAR
INFO 2024-05-28 21:25:44,413 Auth info was exported to ./.tmp/auth_info.json api\debug\debug.cpp:17 Adam@DESKTOP-F9FVKAR
ERROR 2024-05-28 21:25:46,555 NE_RS_UNBLDRE: Unable to load application resource file /resources/favicon.ico api\debug\debug.cpp:20 Adam@DESKTOP-F9FVKAR
INFO 2024-05-28 21:45:26,038 Auth info was exported to ./.tmp/auth_info.json api\debug\debug.cpp:17 Adam@DESKTOP-F9FVKAR
ERROR 2024-05-28 21:45:27,516 NE_RS_UNBLDRE: Unable to load application resource file /resources/favicon.ico api\debug\debug.cpp:20 Adam@DESKTOP-F9FVKAR
